This is pdfTeXk, Version 3.141592-1.40.3 (Web2C 7.5.6) (format=latex 2017.1.19)  21 FEB 2018 17:06
entering extended mode
 %&-line parsing enabled.
**_formulas.tex
(./_formulas.tex
LaTeX2e <2005/12/01>
Babel <v3.8h> and hyphenation patterns for english, usenglishmax, dumylang, noh
yphenation, arabic, basque, bulgarian, coptic, welsh, czech, slovak, german, ng
erman, danish, esperanto, spanish, catalan, galician, estonian, farsi, finnish,
 french, greek, monogreek, ancientgreek, croatian, hungarian, interlingua, ibyc
us, indonesian, icelandic, italian, latin, mongolian, dutch, norsk, polish, por
tuguese, pinyin, romanian, russian, slovenian, uppersorbian, serbian, swedish, 
turkish, ukenglish, ukrainian, loaded.
(/usr/share/texmf/tex/latex/base/article.cls
Document Class: article 2005/09/16 v1.4f Standard LaTeX document class
(/usr/share/texmf/tex/latex/base/size10.clo
File: size10.clo 2005/09/16 v1.4f Standard LaTeX file (size option)
)
\c@part=\count79
\c@section=\count80
\c@subsection=\count81
\c@subsubsection=\count82
\c@paragraph=\count83
\c@subparagraph=\count84
\c@figure=\count85
\c@table=\count86
\abovecaptionskip=\skip41
\belowcaptionskip=\skip42
\bibindent=\dimen102
)
(/usr/share/texmf/tex/latex/graphics/epsfig.sty
Package: epsfig 1999/02/16 v1.7a (e)psfig emulation (SPQR)

(/usr/share/texmf/tex/latex/graphics/graphicx.sty
Package: graphicx 1999/02/16 v1.0f Enhanced LaTeX Graphics (DPC,SPQR)

(/usr/share/texmf/tex/latex/graphics/keyval.sty
Package: keyval 1999/03/16 v1.13 key=value parser (DPC)
\KV@toks@=\toks14
)
(/usr/share/texmf/tex/latex/graphics/graphics.sty
Package: graphics 2006/02/20 v1.0o Standard LaTeX Graphics (DPC,SPQR)

(/usr/share/texmf/tex/latex/graphics/trig.sty
Package: trig 1999/03/16 v1.09 sin cos tan (DPC)
)
(/usr/share/texmf/tex/latex/config/graphics.cfg
File: graphics.cfg 2007/01/18 v1.5 graphics configuration of teTeX/TeXLive
)
Package graphics Info: Driver file: dvips.def on input line 90.

(/usr/share/texmf/tex/latex/graphics/dvips.def
File: dvips.def 1999/02/16 v3.0i Driver-dependant file (DPC,SPQR)
))
\Gin@req@height=\dimen103
\Gin@req@width=\dimen104
)
\epsfxsize=\dimen105
\epsfysize=\dimen106
)
No file _formulas.aux.
\openout1 = `_formulas.aux'.

LaTeX Font Info:    Checking defaults for OML/cmm/m/it on input line 4.
LaTeX Font Info:    ... okay on input line 4.
LaTeX Font Info:    Checking defaults for T1/cmr/m/n on input line 4.
LaTeX Font Info:    ... okay on input line 4.
LaTeX Font Info:    Checking defaults for OT1/cmr/m/n on input line 4.
LaTeX Font Info:    ... okay on input line 4.
LaTeX Font Info:    Checking defaults for OMS/cmsy/m/n on input line 4.
LaTeX Font Info:    ... okay on input line 4.
LaTeX Font Info:    Checking defaults for OMX/cmex/m/n on input line 4.
LaTeX Font Info:    ... okay on input line 4.
LaTeX Font Info:    Checking defaults for U/cmr/m/n on input line 4.
LaTeX Font Info:    ... okay on input line 4.
LaTeX Font Info:    External font `cmex10' loaded for size
(Font)              <7> on input line 5.
LaTeX Font Info:    External font `cmex10' loaded for size
(Font)              <5> on input line 5.
[1

] [2] [3] [4] [5] [6] [7] [8] [9] [10] [11] [12] [13] [14] [15] [16] [17]
[18] [19] [20] [21] [22] [23] [24] [25] [26] [27] [28] [29] [30] [31] [32]
[33] [34] [35] [36] [37]

! LaTeX Error: Environment align undefined.

See the LaTeX manual or LaTeX Companion for explanation.
Type  H <return>  for immediate help.
 ...                                              
                                                  
l.116 \begin{align}
                    {\bf x} &= \left[ \theta_1, \theta_2, \omega_1, \omega_2...

? r
OK, entering \nonstopmode...
! Misplaced alignment tab character &.
l.116 \begin{align} {\bf x} &
                             = \left[ \theta_1, \theta_2, \omega_1, \omega_2...
I can't figure out why you would want to use a tab mark
here. If you just want an ampersand, the remedy is
simple: Just type `I\&' now. But if some right brace
up above has ended a previous alignment prematurely,
you're probably due for more error messages, and you
might try typing `S' now just to see what is salvageable.

! Missing $ inserted.
<inserted text> 
                $
l.116 \begin{align} {\bf x} &= \left
                                    [ \theta_1, \theta_2, \omega_1, \omega_2...
I've inserted a begin-math/end-math symbol since I think
you left one out. Proceed, with fingers crossed.

! Misplaced alignment tab character &.
l.116 ...ga_2 \right]^T, \\ \left<{\bf v}\right> &
                                                  = \left[ \omega_B\omega_1,...
I can't figure out why you would want to use a tab mark
here. If you just want an ampersand, the remedy is
simple: Just type `I\&' now. But if some right brace
up above has ended a previous alignment prematurely,
you're probably due for more error messages, and you
might try typing `S' now just to see what is salvageable.

! Misplaced alignment tab character &.
l.116 ...\gamma\omega_2-S_2 \right]^T \\ {\bf D} &
                                                  = \left[ \begin{array}{cc}...
I can't figure out why you would want to use a tab mark
here. If you just want an ampersand, the remedy is
simple: Just type `I\&' now. But if some right brace
up above has ended a previous alignment prematurely,
you're probably due for more error messages, and you
might try typing `S' now just to see what is salvageable.


! LaTeX Error: \begin{document} ended by \end{align}.

See the LaTeX manual or LaTeX Companion for explanation.
Type  H <return>  for immediate help.
 ...                                              
                                                  
l.116 ...^\omega_N \end{array} \right] \end{align}
                                                  
Your command was ignored.
Type  I <command> <return>  to replace it with another command,
or  <return>  to continue without it.

! Missing $ inserted.
<inserted text> 
                $
l.116 ...^\omega_N \end{array} \right] \end{align}
                                                  
I've inserted something that you may have forgotten.
(See the <inserted text> above.)
With luck, this will get me unwedged. But if you
really didn't forget anything, try typing `2' now; then
my insertion and my current dilemma will both disappear.

[38]

! LaTeX Error: Environment align undefined.

See the LaTeX manual or LaTeX Companion for explanation.
Type  H <return>  for immediate help.
 ...                                              
                                                  
l.119 \begin{align}
                    N&=2,\\ D_{ij}^\omega &= \sigma_{ij}^2\lambda_{ij}\left(...

Your command was ignored.
Type  I <command> <return>  to replace it with another command,
or  <return>  to continue without it.

! Misplaced alignment tab character &.
l.119 \begin{align} N&
                      =2,\\ D_{ij}^\omega &= \sigma_{ij}^2\lambda_{ij}\left(...
I can't figure out why you would want to use a tab mark
here. If you just want an ampersand, the remedy is
simple: Just type `I\&' now. But if some right brace
up above has ended a previous alignment prematurely,
you're probably due for more error messages, and you
might try typing `S' now just to see what is salvageable.

! Missing $ inserted.
<inserted text> 
                $
l.119 \begin{align} N&=2,\\ D_
                              {ij}^\omega &= \sigma_{ij}^2\lambda_{ij}\left(...
I've inserted a begin-math/end-math symbol since I think
you left one out. Proceed, with fingers crossed.

! Misplaced alignment tab character &.
l.119 \begin{align} N&=2,\\ D_{ij}^\omega &
                                           = \sigma_{ij}^2\lambda_{ij}\left(...
I can't figure out why you would want to use a tab mark
here. If you just want an ampersand, the remedy is
simple: Just type `I\&' now. But if some right brace
up above has ended a previous alignment prematurely,
you're probably due for more error messages, and you
might try typing `S' now just to see what is salvageable.

! Misplaced alignment tab character &.
l.119 ...ma\lambda_{ij}\right), \\ D_{ij}^\theta &
                                                  = \sigma_{ij}^2\lambda_{ij...
I can't figure out why you would want to use a tab mark
here. If you just want an ampersand, the remedy is
simple: Just type `I\&' now. But if some right brace
up above has ended a previous alignment prematurely,
you're probably due for more error messages, and you
might try typing `S' now just to see what is salvageable.

! Misplaced alignment tab character &.
l.119 ...ma_{ij}^2\lambda_{ij}^2\omega_B, \\ F_i &
                                                  = \frac{1}{2H_i} \left<P^m...
I can't figure out why you would want to use a tab mark
here. If you just want an ampersand, the remedy is
simple: Just type `I\&' now. But if some right brace
up above has ended a previous alignment prematurely,
you're probably due for more error messages, and you
might try typing `S' now just to see what is salvageable.

! Misplaced alignment tab character &.
l.119 ...2H_{ref}}\left<P_{ref}^m\right>, \\ S_i &
                                                  = \frac{1}{2H_i} P^e_i - \...
I can't figure out why you would want to use a tab mark
here. If you just want an ampersand, the remedy is
simple: Just type `I\&' now. But if some right brace
up above has ended a previous alignment prematurely,
you're probably due for more error messages, and you
might try typing `S' now just to see what is salvageable.

! Misplaced alignment tab character &.
l.119 ... \frac{1}{2H_{ref}} P_{ref}^e, \\ P_i^e &
                                                  = \mathcal{R}\left\{ E_i \...
I can't figure out why you would want to use a tab mark
here. If you just want an ampersand, the remedy is
simple: Just type `I\&' now. But if some right brace
up above has ended a previous alignment prematurely,
you're probably due for more error messages, and you
might try typing `S' now just to see what is salvageable.


! LaTeX Error: \begin{document} ended by \end{align}.

See the LaTeX manual or LaTeX Companion for explanation.
Type  H <return>  for immediate help.
 ...                                              
                                                  
l.119 ...ight)_{ik} \right\}, Y = G+iB \end{align}
                                                  
Your command was ignored.
Type  I <command> <return>  to replace it with another command,
or  <return>  to continue without it.

! Missing $ inserted.
<inserted text> 
                $
l.119 ...ight)_{ik} \right\}, Y = G+iB \end{align}
                                                  
I've inserted something that you may have forgotten.
(See the <inserted text> above.)
With luck, this will get me unwedged. But if you
really didn't forget anything, try typing `2' now; then
my insertion and my current dilemma will both disappear.

[39] [40] [41] [42] [43] [44] [45] [46] [47] [48] [49] [50] [51] [52]
Overfull \hbox (214.48001pt too wide) detected at line 161
[] [] \OT1/cmr/m/n/10 + [] [] + [] [] = [] [] + [] [] + []
 []

[53] [54] [55]

! LaTeX Error: Environment align undefined.

See the LaTeX manual or LaTeX Companion for explanation.
Type  H <return>  for immediate help.
 ...                                              
                                                  
l.170 \begin{align}
                    \tau_{ij} &= \frac{\mu}{Re_\infty} \left[ \left( \frac{\...

Your command was ignored.
Type  I <command> <return>  to replace it with another command,
or  <return>  to continue without it.

! Missing $ inserted.
<inserted text> 
                $
l.170 \begin{align} \tau
                        _{ij} &= \frac{\mu}{Re_\infty} \left[ \left( \frac{\...
I've inserted a begin-math/end-math symbol since I think
you left one out. Proceed, with fingers crossed.

! Misplaced alignment tab character &.
l.170 \begin{align} \tau_{ij} &
                               = \frac{\mu}{Re_\infty} \left[ \left( \frac{\...
I can't figure out why you would want to use a tab mark
here. If you just want an ampersand, the remedy is
simple: Just type `I\&' now. But if some right brace
up above has ended a previous alignment prematurely,
you're probably due for more error messages, and you
might try typing `S' now just to see what is salvageable.

! Misplaced alignment tab character &.
l.170 ...artial x_k} \delta_{ij} \right], \\ q_i &
                                                  = - \frac{\mu}{\left(\gamm...
I can't figure out why you would want to use a tab mark
here. If you just want an ampersand, the remedy is
simple: Just type `I\&' now. But if some right brace
up above has ended a previous alignment prematurely,
you're probably due for more error messages, and you
might try typing `S' now just to see what is salvageable.


! LaTeX Error: \begin{document} ended by \end{align}.

See the LaTeX manual or LaTeX Companion for explanation.
Type  H <return>  for immediate help.
 ...                                              
                                                  
l.170 ...rac{\partial T}{\partial x_i} \end{align}
                                                  
Your command was ignored.
Type  I <command> <return>  to replace it with another command,
or  <return>  to continue without it.

! Missing $ inserted.
<inserted text> 
                $
l.170 ...rac{\partial T}{\partial x_i} \end{align}
                                                  
I've inserted something that you may have forgotten.
(See the <inserted text> above.)
With luck, this will get me unwedged. But if you
really didn't forget anything, try typing `2' now; then
my insertion and my current dilemma will both disappear.

[56] [57] [58] [59] [60] [61] [62] [63]
Overfull \hbox (559.67108pt too wide) detected at line 194
[] [] \OT1/cmr/m/n/10 + [] [] + [] [] + [] [] = [] [] + [] [] + [] [] + []
 []

[64] [65] [66] [67] [68] [69] [70] [71] [72] [73] [74] [75] [76] [77] [78]
[79]
Overfull \hbox (11.51866pt too wide) detected at line 242
[] [] \OT1/cmr/m/n/10 + [] [] + [] [] = [] + []
 []

[80] [81] [82] [83] [84] [85] [86] [87] [88] [89] [90] [91] [92] [93] [94]

! LaTeX Error: Environment align undefined.

See the LaTeX manual or LaTeX Companion for explanation.
Type  H <return>  for immediate help.
 ...                                              
                                                  
l.287 \begin{align}
                    {\bf S}_i &= \sigma_i \left( {\bf U}_i - {\bf U}_{\rm re...

Your command was ignored.
Type  I <command> <return>  to replace it with another command,
or  <return>  to continue without it.

! Missing $ inserted.
<inserted text> 
                $
l.287 \begin{align} {\bf S}_
                            i &= \sigma_i \left( {\bf U}_i - {\bf U}_{\rm re...
I've inserted a begin-math/end-math symbol since I think
you left one out. Proceed, with fingers crossed.

! Misplaced alignment tab character &.
l.287 \begin{align} {\bf S}_i &
                               = \sigma_i \left( {\bf U}_i - {\bf U}_{\rm re...
I can't figure out why you would want to use a tab mark
here. If you just want an ampersand, the remedy is
simple: Just type `I\&' now. But if some right brace
up above has ended a previous alignment prematurely,
you're probably due for more error messages, and you
might try typing `S' now just to see what is salvageable.

! Misplaced alignment tab character &.
l.287 ...- {\bf U}_{\rm ref} \right),\\ \sigma_i &
                                                  = \frac {x_i - x_{\rm star...
I can't figure out why you would want to use a tab mark
here. If you just want an ampersand, the remedy is
simple: Just type `I\&' now. But if some right brace
up above has ended a previous alignment prematurely,
you're probably due for more error messages, and you
might try typing `S' now just to see what is salvageable.


! LaTeX Error: \begin{document} ended by \end{align}.

See the LaTeX manual or LaTeX Companion for explanation.
Type  H <return>  for immediate help.
 ...                                              
                                                  
l.287 ...{x_{\rm end} - x_{\rm start}} \end{align}
                                                  
Your command was ignored.
Type  I <command> <return>  to replace it with another command,
or  <return>  to continue without it.

! Missing $ inserted.
<inserted text> 
                $
l.287 ...{x_{\rm end} - x_{\rm start}} \end{align}
                                                  
I've inserted something that you may have forgotten.
(See the <inserted text> above.)
With luck, this will get me unwedged. But if you
really didn't forget anything, try typing `2' now; then
my insertion and my current dilemma will both disappear.

[95] [96] [97] [98] [99] [100] [101] [102]
Overfull \hbox (28.41283pt too wide) detected at line 311
[][] \OT1/cmr/m/n/10 = []
 []

[103] [104] [105] [106] [107] [108] [109] [110] [111] [112] [113] [114]
[115]

! LaTeX Error: Environment align undefined.

See the LaTeX manual or LaTeX Companion for explanation.
Type  H <return>  for immediate help.
 ...                                              
                                                  
l.350 \begin{align}
                    \hat{\bf f}^L_{j+1/2} &= \mathcal{I}\left({\bf f}_j,+1\r...

Your command was ignored.
Type  I <command> <return>  to replace it with another command,
or  <return>  to continue without it.

! Missing $ inserted.
<inserted text> 
                $
l.350 \begin{align} \hat
                        {\bf f}^L_{j+1/2} &= \mathcal{I}\left({\bf f}_j,+1\r...
I've inserted a begin-math/end-math symbol since I think
you left one out. Proceed, with fingers crossed.

! Misplaced alignment tab character &.
l.350 \begin{align} \hat{\bf f}^L_{j+1/2} &
                                           = \mathcal{I}\left({\bf f}_j,+1\r...
I can't figure out why you would want to use a tab mark
here. If you just want an ampersand, the remedy is
simple: Just type `I\&' now. But if some right brace
up above has ended a previous alignment prematurely,
you're probably due for more error messages, and you
might try typing `S' now just to see what is salvageable.

! Misplaced alignment tab character &.
l.350 ...}_j,+1\right), \\ \hat{\bf f}^R_{j+1/2} &
                                                  = \mathcal{I}\left({\bf f}...
I can't figure out why you would want to use a tab mark
here. If you just want an ampersand, the remedy is
simple: Just type `I\&' now. But if some right brace
up above has ended a previous alignment prematurely,
you're probably due for more error messages, and you
might try typing `S' now just to see what is salvageable.


! LaTeX Error: \begin{document} ended by \end{align}.

See the LaTeX manual or LaTeX Companion for explanation.
Type  H <return>  for immediate help.
 ...                                              
                                                  
l.350 ...{I}\left({\bf f}_j,-1\right), \end{align}
                                                  
Your command was ignored.
Type  I <command> <return>  to replace it with another command,
or  <return>  to continue without it.

! Missing $ inserted.
<inserted text> 
                $
l.350 ...{I}\left({\bf f}_j,-1\right), \end{align}
                                                  
I've inserted something that you may have forgotten.
(See the <inserted text> above.)
With luck, this will get me unwedged. But if you
really didn't forget anything, try typing `2' now; then
my insertion and my current dilemma will both disappear.

[116] [117] [118]

! LaTeX Error: Environment align undefined.

See the LaTeX manual or LaTeX Companion for explanation.
Type  H <return>  for immediate help.
 ...                                              
                                                  
l.359 \begin{align}
                    \hat{\bf u}^L_{j+1/2} &= \mathcal{I}\left({\bf u}_j,+1\r...

Your command was ignored.
Type  I <command> <return>  to replace it with another command,
or  <return>  to continue without it.

! Missing $ inserted.
<inserted text> 
                $
l.359 \begin{align} \hat
                        {\bf u}^L_{j+1/2} &= \mathcal{I}\left({\bf u}_j,+1\r...
I've inserted a begin-math/end-math symbol since I think
you left one out. Proceed, with fingers crossed.

! Misplaced alignment tab character &.
l.359 \begin{align} \hat{\bf u}^L_{j+1/2} &
                                           = \mathcal{I}\left({\bf u}_j,+1\r...
I can't figure out why you would want to use a tab mark
here. If you just want an ampersand, the remedy is
simple: Just type `I\&' now. But if some right brace
up above has ended a previous alignment prematurely,
you're probably due for more error messages, and you
might try typing `S' now just to see what is salvageable.

! Misplaced alignment tab character &.
l.359 ...}_j,+1\right), \\ \hat{\bf u}^R_{j+1/2} &
                                                  = \mathcal{I}\left({\bf u}...
I can't figure out why you would want to use a tab mark
here. If you just want an ampersand, the remedy is
simple: Just type `I\&' now. But if some right brace
up above has ended a previous alignment prematurely,
you're probably due for more error messages, and you
might try typing `S' now just to see what is salvageable.


! LaTeX Error: \begin{document} ended by \end{align}.

See the LaTeX manual or LaTeX Companion for explanation.
Type  H <return>  for immediate help.
 ...                                              
                                                  
l.359 ...{I}\left({\bf u}_j,-1\right), \end{align}
                                                  
Your command was ignored.
Type  I <command> <return>  to replace it with another command,
or  <return>  to continue without it.

! Missing $ inserted.
<inserted text> 
                $
l.359 ...{I}\left({\bf u}_j,-1\right), \end{align}
                                                  
I've inserted something that you may have forgotten.
(See the <inserted text> above.)
With luck, this will get me unwedged. But if you
really didn't forget anything, try typing `2' now; then
my insertion and my current dilemma will both disappear.

[119] [120] [121] [122] [123] [124] [125] [126] [127] [128] [129] [130]
[131] [132] [133] [134] [135] [136] [137] [138] [139] [140] [141] [142]
[143] [144] [145] [146] [147] [148] [149]

! LaTeX Error: Environment align undefined.

See the LaTeX manual or LaTeX Companion for explanation.
Type  H <return>  for immediate help.
 ...                                              
                                                  
l.452 \begin{align}
                    \frac{3}{10}\hat{\bf f}_{j-1/2} + \frac{6}{10}\hat{\bf f...

Your command was ignored.
Type  I <command> <return>  to replace it with another command,
or  <return>  to continue without it.

! Missing $ inserted.
<inserted text> 
                $
l.452 \begin{align} \frac{3}{10}
                                \hat{\bf f}_{j-1/2} + \frac{6}{10}\hat{\bf f...
I've inserted a begin-math/end-math symbol since I think
you left one out. Proceed, with fingers crossed.

! Extra }, or forgotten $.
\frac #1#2->{\begingroup #1\endgroup \over #2}
                                              
l.452 \begin{align} \frac{3}{10}
                                \hat{\bf f}_{j-1/2} + \frac{6}{10}\hat{\bf f...
I've deleted a group-closing symbol because it seems to be
spurious, as in `$x}$'. But perhaps the } is legitimate and
you forgot something else, as in `\hbox{$x}'. In such cases
the way to recover is to insert both the forgotten and the
deleted material, e.g., by typing `I$}'.


! LaTeX Error: \begin{document} ended by \end{align}.

See the LaTeX manual or LaTeX Companion for explanation.
Type  H <return>  for immediate help.
 ...                                              
                                                  
l.452 ...j + \frac{1}{3}{\bf f}_{j+1}. \end{align}
                                                  
Your command was ignored.
Type  I <command> <return>  to replace it with another command,
or  <return>  to continue without it.

! Missing $ inserted.
<inserted text> 
                $
l.452 ...j + \frac{1}{3}{\bf f}_{j+1}. \end{align}
                                                  
I've inserted something that you may have forgotten.
(See the <inserted text> above.)
With luck, this will get me unwedged. But if you
really didn't forget anything, try typing `2' now; then
my insertion and my current dilemma will both disappear.

! Missing } inserted.
<inserted text> 
                }
l.452 ...j + \frac{1}{3}{\bf f}_{j+1}. \end{align}
                                                  
I've inserted something that you may have forgotten.
(See the <inserted text> above.)
With luck, this will get me unwedged. But if you
really didn't forget anything, try typing `2' now; then
my insertion and my current dilemma will both disappear.

[150] [151] [152] [153] [154]

! LaTeX Error: Environment align undefined.

See the LaTeX manual or LaTeX Companion for explanation.
Type  H <return>  for immediate help.
 ...                                              
                                                  
l.467 \begin{align}
                    \frac{3}{10}\hat{\alpha}^k_{j-1/2} + \frac{6}{10}\hat{\a...

Your command was ignored.
Type  I <command> <return>  to replace it with another command,
or  <return>  to continue without it.

! Missing $ inserted.
<inserted text> 
                $
l.467 \begin{align} \frac{3}{10}
                                \hat{\alpha}^k_{j-1/2} + \frac{6}{10}\hat{\a...
I've inserted a begin-math/end-math symbol since I think
you left one out. Proceed, with fingers crossed.

! Extra }, or forgotten $.
\frac #1#2->{\begingroup #1\endgroup \over #2}
                                              
l.467 \begin{align} \frac{3}{10}
                                \hat{\alpha}^k_{j-1/2} + \frac{6}{10}\hat{\a...
I've deleted a group-closing symbol because it seems to be
spurious, as in `$x}$'. But perhaps the } is legitimate and
you forgot something else, as in `\hbox{$x}'. In such cases
the way to recover is to insert both the forgotten and the
deleted material, e.g., by typing `I$}'.


! LaTeX Error: \begin{document} ended by \end{align}.

See the LaTeX manual or LaTeX Companion for explanation.
Type  H <return>  for immediate help.
 ...                                              
                                                  
l.467 ... \frac{1}{3}{\alpha}^k_{j+1}, \end{align}
                                                  
Your command was ignored.
Type  I <command> <return>  to replace it with another command,
or  <return>  to continue without it.

! Missing $ inserted.
<inserted text> 
                $
l.467 ... \frac{1}{3}{\alpha}^k_{j+1}, \end{align}
                                                  
I've inserted something that you may have forgotten.
(See the <inserted text> above.)
With luck, this will get me unwedged. But if you
really didn't forget anything, try typing `2' now; then
my insertion and my current dilemma will both disappear.

! Missing } inserted.
<inserted text> 
                }
l.467 ... \frac{1}{3}{\alpha}^k_{j+1}, \end{align}
                                                  
I've inserted something that you may have forgotten.
(See the <inserted text> above.)
With luck, this will get me unwedged. But if you
really didn't forget anything, try typing `2' now; then
my insertion and my current dilemma will both disappear.

[155] [156] [157] [158] [159] [160]

! LaTeX Error: Environment align undefined.

See the LaTeX manual or LaTeX Companion for explanation.
Type  H <return>  for immediate help.
 ...                                              
                                                  
l.485 \begin{align}
                    &\ \omega_1\ \times\ \left[ \frac{2}{3}\hat{\bf f}_{j-1/...

Your command was ignored.
Type  I <command> <return>  to replace it with another command,
or  <return>  to continue without it.

! Misplaced alignment tab character &.
l.485 \begin{align} &
                     \ \omega_1\ \times\ \left[ \frac{2}{3}\hat{\bf f}_{j-1/...
I can't figure out why you would want to use a tab mark
here. If you just want an ampersand, the remedy is
simple: Just type `I\&' now. But if some right brace
up above has ended a previous alignment prematurely,
you're probably due for more error messages, and you
might try typing `S' now just to see what is salvageable.

! Missing $ inserted.
<inserted text> 
                $
l.485 \begin{align} &\ \omega
                             _1\ \times\ \left[ \frac{2}{3}\hat{\bf f}_{j-1/...
I've inserted a begin-math/end-math symbol since I think
you left one out. Proceed, with fingers crossed.

! Misplaced alignment tab character &.
l.485 ...eft( f_{j-1} + 5f_j \right) \right]\\ + &
                                                  \ \omega_2\ \times\ \left[...
I can't figure out why you would want to use a tab mark
here. If you just want an ampersand, the remedy is
simple: Just type `I\&' now. But if some right brace
up above has ended a previous alignment prematurely,
you're probably due for more error messages, and you
might try typing `S' now just to see what is salvageable.

! Misplaced alignment tab character &.
l.485 ...ft( 5f_j + f_{j+1} \right) \right] \\ + &
                                                  \ \omega_3\ \times\ \left[...
I can't figure out why you would want to use a tab mark
here. If you just want an ampersand, the remedy is
simple: Just type `I\&' now. But if some right brace
up above has ended a previous alignment prematurely,
you're probably due for more error messages, and you
might try typing `S' now just to see what is salvageable.

! Misplaced alignment tab character &.
l.485 ...5f_{j+1} \right) \right] \\ \Rightarrow &
                                                  \ \left(\frac{2}{3}\omega_...
I can't figure out why you would want to use a tab mark
here. If you just want an ampersand, the remedy is
simple: Just type `I\&' now. But if some right brace
up above has ended a previous alignment prematurely,
you're probably due for more error messages, and you
might try typing `S' now just to see what is salvageable.


! LaTeX Error: \begin{document} ended by \end{align}.

See the LaTeX manual or LaTeX Companion for explanation.
Type  H <return>  for immediate help.
 ...                                              
                                                  
l.485 ...2+5\omega_3}{6}{\bf f}_{j+1}, \end{align}
                                                  
Your command was ignored.
Type  I <command> <return>  to replace it with another command,
or  <return>  to continue without it.

! Missing $ inserted.
<inserted text> 
                $
l.485 ...2+5\omega_3}{6}{\bf f}_{j+1}, \end{align}
                                                  
I've inserted something that you may have forgotten.
(See the <inserted text> above.)
With luck, this will get me unwedged. But if you
really didn't forget anything, try typing `2' now; then
my insertion and my current dilemma will both disappear.

[161] [162] [163]

! LaTeX Error: Environment align undefined.

See the LaTeX manual or LaTeX Companion for explanation.
Type  H <return>  for immediate help.
 ...                                              
                                                  
l.494 \begin{align}
                    &\ \omega_1\ \times\ \left[ \frac{2}{3}\hat{\alpha}^k_{j...

Your command was ignored.
Type  I <command> <return>  to replace it with another command,
or  <return>  to continue without it.

! Misplaced alignment tab character &.
l.494 \begin{align} &
                     \ \omega_1\ \times\ \left[ \frac{2}{3}\hat{\alpha}^k_{j...
I can't figure out why you would want to use a tab mark
here. If you just want an ampersand, the remedy is
simple: Just type `I\&' now. But if some right brace
up above has ended a previous alignment prematurely,
you're probably due for more error messages, and you
might try typing `S' now just to see what is salvageable.

! Missing $ inserted.
<inserted text> 
                $
l.494 \begin{align} &\ \omega
                             _1\ \times\ \left[ \frac{2}{3}\hat{\alpha}^k_{j...
I've inserted a begin-math/end-math symbol since I think
you left one out. Proceed, with fingers crossed.

! Misplaced alignment tab character &.
l.494 ...eft( f_{j-1} + 5f_j \right) \right]\\ + &
                                                  \ \omega_2\ \times\ \left[...
I can't figure out why you would want to use a tab mark
here. If you just want an ampersand, the remedy is
simple: Just type `I\&' now. But if some right brace
up above has ended a previous alignment prematurely,
you're probably due for more error messages, and you
might try typing `S' now just to see what is salvageable.

! Misplaced alignment tab character &.
l.494 ...ft( 5f_j + f_{j+1} \right) \right] \\ + &
                                                  \ \omega_3\ \times\ \left[...
I can't figure out why you would want to use a tab mark
here. If you just want an ampersand, the remedy is
simple: Just type `I\&' now. But if some right brace
up above has ended a previous alignment prematurely,
you're probably due for more error messages, and you
might try typing `S' now just to see what is salvageable.

! Misplaced alignment tab character &.
l.494 ...5f_{j+1} \right) \right] \\ \Rightarrow &
                                                  \ \left(\frac{2}{3}\omega_...
I can't figure out why you would want to use a tab mark
here. If you just want an ampersand, the remedy is
simple: Just type `I\&' now. But if some right brace
up above has ended a previous alignment prematurely,
you're probably due for more error messages, and you
might try typing `S' now just to see what is salvageable.


! LaTeX Error: \begin{document} ended by \end{align}.

See the LaTeX manual or LaTeX Companion for explanation.
Type  H <return>  for immediate help.
 ...                                              
                                                  
l.494 ...\omega_3}{6}{\alpha}^k_{j+1}, \end{align}
                                                  
Your command was ignored.
Type  I <command> <return>  to replace it with another command,
or  <return>  to continue without it.

! Missing $ inserted.
<inserted text> 
                $
l.494 ...\omega_3}{6}{\alpha}^k_{j+1}, \end{align}
                                                  
I've inserted something that you may have forgotten.
(See the <inserted text> above.)
With luck, this will get me unwedged. But if you
really didn't forget anything, try typing `2' now; then
my insertion and my current dilemma will both disappear.

[164] [165]

! LaTeX Error: Environment align undefined.

See the LaTeX manual or LaTeX Companion for explanation.
Type  H <return>  for immediate help.
 ...                                              
                                                  
l.500 \begin{align}
                    \hat{\bf f}_{j+1/2} = \frac{1}{30} {\bf f}_{j-2} - \frac...

Your command was ignored.
Type  I <command> <return>  to replace it with another command,
or  <return>  to continue without it.

! Missing $ inserted.
<inserted text> 
                $
l.500 \begin{align} \hat
                        {\bf f}_{j+1/2} = \frac{1}{30} {\bf f}_{j-2} - \frac...
I've inserted a begin-math/end-math symbol since I think
you left one out. Proceed, with fingers crossed.


! LaTeX Error: \begin{document} ended by \end{align}.

See the LaTeX manual or LaTeX Companion for explanation.
Type  H <return>  for immediate help.
 ...                                              
                                                  
l.500 ... - \frac{1}{20}{\bf f}_{j+2}. \end{align}
                                                  
Your command was ignored.
Type  I <command> <return>  to replace it with another command,
or  <return>  to continue without it.

! Missing $ inserted.
<inserted text> 
                $
l.500 ... - \frac{1}{20}{\bf f}_{j+2}. \end{align}
                                                  
I've inserted something that you may have forgotten.
(See the <inserted text> above.)
With luck, this will get me unwedged. But if you
really didn't forget anything, try typing `2' now; then
my insertion and my current dilemma will both disappear.

[166]

! LaTeX Error: Environment align undefined.

See the LaTeX manual or LaTeX Companion for explanation.
Type  H <return>  for immediate help.
 ...                                              
                                                  
l.503 \begin{align}
                    \hat{\alpha}^k_{j+1/2} = \frac{1}{30} {\alpha}^k_{j-2} -...

Your command was ignored.
Type  I <command> <return>  to replace it with another command,
or  <return>  to continue without it.

! Missing $ inserted.
<inserted text> 
                $
l.503 \begin{align} \hat
                        {\alpha}^k_{j+1/2} = \frac{1}{30} {\alpha}^k_{j-2} -...
I've inserted a begin-math/end-math symbol since I think
you left one out. Proceed, with fingers crossed.


! LaTeX Error: \begin{document} ended by \end{align}.

See the LaTeX manual or LaTeX Companion for explanation.
Type  H <return>  for immediate help.
 ...                                              
                                                  
l.503 ...\frac{1}{20}{\alpha}^k_{j+2}, \end{align}
                                                  
Your command was ignored.
Type  I <command> <return>  to replace it with another command,
or  <return>  to continue without it.

! Missing $ inserted.
<inserted text> 
                $
l.503 ...\frac{1}{20}{\alpha}^k_{j+2}, \end{align}
                                                  
I've inserted something that you may have forgotten.
(See the <inserted text> above.)
With luck, this will get me unwedged. But if you
really didn't forget anything, try typing `2' now; then
my insertion and my current dilemma will both disappear.

[167]

! LaTeX Error: Environment align undefined.

See the LaTeX manual or LaTeX Companion for explanation.
Type  H <return>  for immediate help.
 ...                                              
                                                  
l.506 \begin{align}
                    &\ \omega_1\ \times\ \left[ \hat{\bf f}_{j+1/2}^1 = \fra...

Your command was ignored.
Type  I <command> <return>  to replace it with another command,
or  <return>  to continue without it.

! Misplaced alignment tab character &.
l.506 \begin{align} &
                     \ \omega_1\ \times\ \left[ \hat{\bf f}_{j+1/2}^1 = \fra...
I can't figure out why you would want to use a tab mark
here. If you just want an ampersand, the remedy is
simple: Just type `I\&' now. But if some right brace
up above has ended a previous alignment prematurely,
you're probably due for more error messages, and you
might try typing `S' now just to see what is salvageable.

! Missing $ inserted.
<inserted text> 
                $
l.506 \begin{align} &\ \omega
                             _1\ \times\ \left[ \hat{\bf f}_{j+1/2}^1 = \fra...
I've inserted a begin-math/end-math symbol since I think
you left one out. Proceed, with fingers crossed.

! Misplaced alignment tab character &.
l.506 ...1} + \frac{11}{6} {\bf f}_j \right]\\ + &
                                                  \ \omega_2\ \times\ \left[...
I can't figure out why you would want to use a tab mark
here. If you just want an ampersand, the remedy is
simple: Just type `I\&' now. But if some right brace
up above has ended a previous alignment prematurely,
you're probably due for more error messages, and you
might try typing `S' now just to see what is salvageable.

! Misplaced alignment tab character &.
l.506 ...+ \frac{1}{3} {\bf f}_{j+1} \right]\\ + &
                                                  \ \omega_3\ \times\ \left[...
I can't figure out why you would want to use a tab mark
here. If you just want an ampersand, the remedy is
simple: Just type `I\&' now. But if some right brace
up above has ended a previous alignment prematurely,
you're probably due for more error messages, and you
might try typing `S' now just to see what is salvageable.

! Misplaced alignment tab character &.
l.506 ...{6} {\bf f}_{j+2} \right]\\ \Rightarrow &
                                                  \ \hat{\bf f}_{j+1/2} = \f...
I can't figure out why you would want to use a tab mark
here. If you just want an ampersand, the remedy is
simple: Just type `I\&' now. But if some right brace
up above has ended a previous alignment prematurely,
you're probably due for more error messages, and you
might try typing `S' now just to see what is salvageable.


! LaTeX Error: \begin{document} ended by \end{align}.

See the LaTeX manual or LaTeX Companion for explanation.
Type  H <return>  for immediate help.
 ...                                              
                                                  
l.506 ...ac{\omega_3}{6}{\bf f}_{j+2}, \end{align}
                                                  
Your command was ignored.
Type  I <command> <return>  to replace it with another command,
or  <return>  to continue without it.

! Missing $ inserted.
<inserted text> 
                $
l.506 ...ac{\omega_3}{6}{\bf f}_{j+2}, \end{align}
                                                  
I've inserted something that you may have forgotten.
(See the <inserted text> above.)
With luck, this will get me unwedged. But if you
really didn't forget anything, try typing `2' now; then
my insertion and my current dilemma will both disappear.

[168]

! LaTeX Error: Environment align undefined.

See the LaTeX manual or LaTeX Companion for explanation.
Type  H <return>  for immediate help.
 ...                                              
                                                  
l.509 \begin{align}
                    &\ \omega_1\ \times\ \left[ \hat{\alpha}^k_{j+1/2} = \fr...

Your command was ignored.
Type  I <command> <return>  to replace it with another command,
or  <return>  to continue without it.

! Misplaced alignment tab character &.
l.509 \begin{align} &
                     \ \omega_1\ \times\ \left[ \hat{\alpha}^k_{j+1/2} = \fr...
I can't figure out why you would want to use a tab mark
here. If you just want an ampersand, the remedy is
simple: Just type `I\&' now. But if some right brace
up above has ended a previous alignment prematurely,
you're probably due for more error messages, and you
might try typing `S' now just to see what is salvageable.

! Missing $ inserted.
<inserted text> 
                $
l.509 \begin{align} &\ \omega
                             _1\ \times\ \left[ \hat{\alpha}^k_{j+1/2} = \fr...
I've inserted a begin-math/end-math symbol since I think
you left one out. Proceed, with fingers crossed.

! Misplaced alignment tab character &.
l.509 ...+ \frac{11}{6} {\alpha}^k_j \right]\\ + &
                                                  \ \omega_2\ \times\ \left[...
I can't figure out why you would want to use a tab mark
here. If you just want an ampersand, the remedy is
simple: Just type `I\&' now. But if some right brace
up above has ended a previous alignment prematurely,
you're probably due for more error messages, and you
might try typing `S' now just to see what is salvageable.

! Misplaced alignment tab character &.
l.509 ...frac{1}{3} {\alpha}^k_{j+1} \right]\\ + &
                                                  \ \omega_3\ \times\ \left[...
I can't figure out why you would want to use a tab mark
here. If you just want an ampersand, the remedy is
simple: Just type `I\&' now. But if some right brace
up above has ended a previous alignment prematurely,
you're probably due for more error messages, and you
might try typing `S' now just to see what is salvageable.

! Misplaced alignment tab character &.
l.509 ... {\alpha}^k_{j+2} \right]\\ \Rightarrow &
                                                  \ \hat{\alpha}^k_{j+1/2} =...
I can't figure out why you would want to use a tab mark
here. If you just want an ampersand, the remedy is
simple: Just type `I\&' now. But if some right brace
up above has ended a previous alignment prematurely,
you're probably due for more error messages, and you
might try typing `S' now just to see what is salvageable.


! LaTeX Error: \begin{document} ended by \end{align}.

See the LaTeX manual or LaTeX Companion for explanation.
Type  H <return>  for immediate help.
 ...                                              
                                                  
l.509 ...\omega_3}{6}{\alpha}^k_{j+2}, \end{align}
                                                  
Your command was ignored.
Type  I <command> <return>  to replace it with another command,
or  <return>  to continue without it.

! Missing $ inserted.
<inserted text> 
                $
l.509 ...\omega_3}{6}{\alpha}^k_{j+2}, \end{align}
                                                  
I've inserted something that you may have forgotten.
(See the <inserted text> above.)
With luck, this will get me unwedged. But if you
really didn't forget anything, try typing `2' now; then
my insertion and my current dilemma will both disappear.

[169] [170] [171] [172] [173] [174] [175] [176] [177] [178] [179] [180]
[181] [182] [183] [184] [185]

! LaTeX Error: Environment align undefined.

See the LaTeX manual or LaTeX Companion for explanation.
Type  H <return>  for immediate help.
 ...                                              
                                                  
l.560 \begin{align}
                    imin &= \min\ i\ {\rm satisfying}\ x_i \geq a\\ imax &= ...

Your command was ignored.
Type  I <command> <return>  to replace it with another command,
or  <return>  to continue without it.

! Misplaced alignment tab character &.
l.560 \begin{align} imin &
                          = \min\ i\ {\rm satisfying}\ x_i \geq a\\ imax &= ...
I can't figure out why you would want to use a tab mark
here. If you just want an ampersand, the remedy is
simple: Just type `I\&' now. But if some right brace
up above has ended a previous alignment prematurely,
you're probably due for more error messages, and you
might try typing `S' now just to see what is salvageable.

! Missing $ inserted.
<inserted text> 
                $
l.560 \begin{align} imin &= \min
                                \ i\ {\rm satisfying}\ x_i \geq a\\ imax &= ...
I've inserted a begin-math/end-math symbol since I think
you left one out. Proceed, with fingers crossed.

! Misplaced alignment tab character &.
l.560 ... i\ {\rm satisfying}\ x_i \geq a\\ imax &
                                                  = \max\ i\ {\rm satisfying...
I can't figure out why you would want to use a tab mark
here. If you just want an ampersand, the remedy is
simple: Just type `I\&' now. But if some right brace
up above has ended a previous alignment prematurely,
you're probably due for more error messages, and you
might try typing `S' now just to see what is salvageable.


! LaTeX Error: \begin{document} ended by \end{align}.

See the LaTeX manual or LaTeX Companion for explanation.
Type  H <return>  for immediate help.
 ...                                              
                                                  
l.560 ... {\rm satisfying}\ x_i \leq b \end{align}
                                                  
Your command was ignored.
Type  I <command> <return>  to replace it with another command,
or  <return>  to continue without it.

! Missing $ inserted.
<inserted text> 
                $
l.560 ... {\rm satisfying}\ x_i \leq b \end{align}
                                                  
I've inserted something that you may have forgotten.
(See the <inserted text> above.)
With luck, this will get me unwedged. But if you
really didn't forget anything, try typing `2' now; then
my insertion and my current dilemma will both disappear.

[186] [187] [188] [189] [190] [191] [192] [193] [194] [195] [196] [197]
[198] [199] [200] [201] [202] [203] [204] [205] [206] [207] [208] [209]
[210] [211] [212] [213] [214] [215] [216] [217] [218] [219] [220] [221]
[222] [223] [224] [225] [226] [227] [228] [229] [230] [231] [232] [233]
[234] [235] [236] [237] [238] [239] [240] [241] [242] [243] [244] [245]
[246] [247] [248]

! LaTeX Error: Environment align undefined.

See the LaTeX manual or LaTeX Companion for explanation.
Type  H <return>  for immediate help.
 ...                                              
                                                  
l.749 \begin{align}
                    \alpha_{j+1/2}^{k,L} &= \sum_{k=1}^3 {\bf l}_{j+1/2}^k \...

Your command was ignored.
Type  I <command> <return>  to replace it with another command,
or  <return>  to continue without it.

! Missing $ inserted.
<inserted text> 
                $
l.749 \begin{align} \alpha
                          _{j+1/2}^{k,L} &= \sum_{k=1}^3 {\bf l}_{j+1/2}^k \...
I've inserted a begin-math/end-math symbol since I think
you left one out. Proceed, with fingers crossed.

! Misplaced alignment tab character &.
l.749 \begin{align} \alpha_{j+1/2}^{k,L} &
                                          = \sum_{k=1}^3 {\bf l}_{j+1/2}^k \...
I can't figure out why you would want to use a tab mark
here. If you just want an ampersand, the remedy is
simple: Just type `I\&' now. But if some right brace
up above has ended a previous alignment prematurely,
you're probably due for more error messages, and you
might try typing `S' now just to see what is salvageable.

! Misplaced alignment tab character &.
l.749 ..._{j+1/2}^{k,L}, \\ \alpha_{j+1/2}^{k,R} &
                                                  = \sum_{k=1}^3 {\bf l}_{j+...
I can't figure out why you would want to use a tab mark
here. If you just want an ampersand, the remedy is
simple: Just type `I\&' now. But if some right brace
up above has ended a previous alignment prematurely,
you're probably due for more error messages, and you
might try typing `S' now just to see what is salvageable.

! Misplaced alignment tab character &.
l.749 ...bf f}_{j+1/2}^{k,R}, \\ v_{j+1/2}^{k,L} &
                                                  = \sum_{k=1}^3 {\bf l}_{j+...
I can't figure out why you would want to use a tab mark
here. If you just want an ampersand, the remedy is
simple: Just type `I\&' now. But if some right brace
up above has ended a previous alignment prematurely,
you're probably due for more error messages, and you
might try typing `S' now just to see what is salvageable.

! Misplaced alignment tab character &.
l.749 ...bf u}_{j+1/2}^{k,L}, \\ v_{j+1/2}^{k,R} &
                                                  = \sum_{k=1}^3 {\bf l}_{j+...
I can't figure out why you would want to use a tab mark
here. If you just want an ampersand, the remedy is
simple: Just type `I\&' now. But if some right brace
up above has ended a previous alignment prematurely,
you're probably due for more error messages, and you
might try typing `S' now just to see what is salvageable.

! Misplaced alignment tab character &.
l.749 ...f u}_{j+1/2}^{k,R}, \\ \alpha_{j+1/2}^k &
                                                  = \left\{ \begin{array}{cc...
I can't figure out why you would want to use a tab mark
here. If you just want an ampersand, the remedy is
simple: Just type `I\&' now. But if some right brace
up above has ended a previous alignment prematurely,
you're probably due for more error messages, and you
might try typing `S' now just to see what is salvageable.

! Misplaced alignment tab character &.
l.749 ... \end{array}\right., \\ {\bf f}_{j+1/2} &
                                                  = \sum_{k=1}^3 \alpha_{j+1...
I can't figure out why you would want to use a tab mark
here. If you just want an ampersand, the remedy is
simple: Just type `I\&' now. But if some right brace
up above has ended a previous alignment prematurely,
you're probably due for more error messages, and you
might try typing `S' now just to see what is salvageable.


! LaTeX Error: \begin{document} ended by \end{align}.

See the LaTeX manual or LaTeX Companion for explanation.
Type  H <return>  for immediate help.
 ...                                              
                                                  
l.749 ...a_{j+1/2}^k {\bf r}_{j+1/2}^k \end{align}
                                                  
Your command was ignored.
Type  I <command> <return>  to replace it with another command,
or  <return>  to continue without it.

! Missing $ inserted.
<inserted text> 
                $
l.749 ...a_{j+1/2}^k {\bf r}_{j+1/2}^k \end{align}
                                                  
I've inserted something that you may have forgotten.
(See the <inserted text> above.)
With luck, this will get me unwedged. But if you
really didn't forget anything, try typing `2' now; then
my insertion and my current dilemma will both disappear.


Overfull \hbox (51.51015pt too wide) in paragraph at lines 749--751
\OML/cmm/m/it/10 [] \OT1/cmr/m/n/10 = [] \OML/cmm/m/it/10 ; [] 
 []

[249] [250] [251]

! LaTeX Error: Environment align undefined.

See the LaTeX manual or LaTeX Companion for explanation.
Type  H <return>  for immediate help.
 ...                                              
                                                  
l.758 \begin{align}
                    \alpha_{j+1/2}^{k,L} &= \sum_{k=1}^3 {\bf l}_{j+1/2}^k \...

Your command was ignored.
Type  I <command> <return>  to replace it with another command,
or  <return>  to continue without it.

! Missing $ inserted.
<inserted text> 
                $
l.758 \begin{align} \alpha
                          _{j+1/2}^{k,L} &= \sum_{k=1}^3 {\bf l}_{j+1/2}^k \...
I've inserted a begin-math/end-math symbol since I think
you left one out. Proceed, with fingers crossed.

! Misplaced alignment tab character &.
l.758 \begin{align} \alpha_{j+1/2}^{k,L} &
                                          = \sum_{k=1}^3 {\bf l}_{j+1/2}^k \...
I can't figure out why you would want to use a tab mark
here. If you just want an ampersand, the remedy is
simple: Just type `I\&' now. But if some right brace
up above has ended a previous alignment prematurely,
you're probably due for more error messages, and you
might try typing `S' now just to see what is salvageable.

! Misplaced alignment tab character &.
l.758 ..._{j+1/2}^{k,L}, \\ \alpha_{j+1/2}^{k,R} &
                                                  = \sum_{k=1}^3 {\bf l}_{j+...
I can't figure out why you would want to use a tab mark
here. If you just want an ampersand, the remedy is
simple: Just type `I\&' now. But if some right brace
up above has ended a previous alignment prematurely,
you're probably due for more error messages, and you
might try typing `S' now just to see what is salvageable.

! Misplaced alignment tab character &.
l.758 ...bf f}_{j+1/2}^{k,R}, \\ v_{j+1/2}^{k,L} &
                                                  = \sum_{k=1}^3 {\bf l}_{j+...
I can't figure out why you would want to use a tab mark
here. If you just want an ampersand, the remedy is
simple: Just type `I\&' now. But if some right brace
up above has ended a previous alignment prematurely,
you're probably due for more error messages, and you
might try typing `S' now just to see what is salvageable.

! Misplaced alignment tab character &.
l.758 ...bf u}_{j+1/2}^{k,L}, \\ v_{j+1/2}^{k,R} &
                                                  = \sum_{k=1}^3 {\bf l}_{j+...
I can't figure out why you would want to use a tab mark
here. If you just want an ampersand, the remedy is
simple: Just type `I\&' now. But if some right brace
up above has ended a previous alignment prematurely,
you're probably due for more error messages, and you
might try typing `S' now just to see what is salvageable.

! Misplaced alignment tab character &.
l.758 ...f u}_{j+1/2}^{k,R}, \\ \alpha_{j+1/2}^k &
                                                  = \frac{1}{2}\left[ \alpha...
I can't figure out why you would want to use a tab mark
here. If you just want an ampersand, the remedy is
simple: Just type `I\&' now. But if some right brace
up above has ended a previous alignment prematurely,
you're probably due for more error messages, and you
might try typing `S' now just to see what is salvageable.

! Misplaced alignment tab character &.
l.758 ...,L} \right) \right], \\ {\bf f}_{j+1/2} &
                                                  = \sum_{k=1}^3 \alpha_{j+1...
I can't figure out why you would want to use a tab mark
here. If you just want an ampersand, the remedy is
simple: Just type `I\&' now. But if some right brace
up above has ended a previous alignment prematurely,
you're probably due for more error messages, and you
might try typing `S' now just to see what is salvageable.


! LaTeX Error: \begin{document} ended by \end{align}.

See the LaTeX manual or LaTeX Companion for explanation.
Type  H <return>  for immediate help.
 ...                                              
                                                  
l.758 ...a_{j+1/2}^k {\bf r}_{j+1/2}^k \end{align}
                                                  
Your command was ignored.
Type  I <command> <return>  to replace it with another command,
or  <return>  to continue without it.

! Missing $ inserted.
<inserted text> 
                $
l.758 ...a_{j+1/2}^k {\bf r}_{j+1/2}^k \end{align}
                                                  
I've inserted something that you may have forgotten.
(See the <inserted text> above.)
With luck, this will get me unwedged. But if you
really didn't forget anything, try typing `2' now; then
my insertion and my current dilemma will both disappear.

[252] [253] [254] [255] [256] [257] [258] [259] [260] [261] [262] [263]
[264] [265] [266] [267] [268] [269]

! LaTeX Error: Environment align undefined.

See the LaTeX manual or LaTeX Companion for explanation.
Type  H <return>  for immediate help.
 ...                                              
                                                  
l.812 \begin{align}
                    \tau_{xx} &= \frac{2}{3}\left(\frac{\mu}{Re}\right)\left...

Your command was ignored.
Type  I <command> <return>  to replace it with another command,
or  <return>  to continue without it.

! Missing $ inserted.
<inserted text> 
                $
l.812 \begin{align} \tau
                        _{xx} &= \frac{2}{3}\left(\frac{\mu}{Re}\right)\left...
I've inserted a begin-math/end-math symbol since I think
you left one out. Proceed, with fingers crossed.

! Misplaced alignment tab character &.
l.812 \begin{align} \tau_{xx} &
                               = \frac{2}{3}\left(\frac{\mu}{Re}\right)\left...
I can't figure out why you would want to use a tab mark
here. If you just want an ampersand, the remedy is
simple: Just type `I\&' now. But if some right brace
up above has ended a previous alignment prematurely,
you're probably due for more error messages, and you
might try typing `S' now just to see what is salvageable.

! Misplaced alignment tab character &.
l.812 ...tial v}{\partial y}\right),\\ \tau_{xy} &
                                                  = \left(\frac{\mu}{Re}\rig...
I can't figure out why you would want to use a tab mark
here. If you just want an ampersand, the remedy is
simple: Just type `I\&' now. But if some right brace
up above has ended a previous alignment prematurely,
you're probably due for more error messages, and you
might try typing `S' now just to see what is salvageable.

! Misplaced alignment tab character &.
l.812 ...tial v}{\partial x}\right),\\ \tau_{yx} &
                                                  = \left(\frac{\mu}{Re}\rig...
I can't figure out why you would want to use a tab mark
here. If you just want an ampersand, the remedy is
simple: Just type `I\&' now. But if some right brace
up above has ended a previous alignment prematurely,
you're probably due for more error messages, and you
might try typing `S' now just to see what is salvageable.

! Misplaced alignment tab character &.
l.812 ...tial v}{\partial x}\right),\\ \tau_{yy} &
                                                  = \frac{2}{3}\left(\frac{\...
I can't figure out why you would want to use a tab mark
here. If you just want an ampersand, the remedy is
simple: Just type `I\&' now. But if some right brace
up above has ended a previous alignment prematurely,
you're probably due for more error messages, and you
might try typing `S' now just to see what is salvageable.

! Misplaced alignment tab character &.
l.812 ...c{\partial v}{\partial y}\right),\\ q_x &
                                                  = -\frac{mu}{\left(\gamma-...
I can't figure out why you would want to use a tab mark
here. If you just want an ampersand, the remedy is
simple: Just type `I\&' now. But if some right brace
up above has ended a previous alignment prematurely,
you're probably due for more error messages, and you
might try typing `S' now just to see what is salvageable.

! Misplaced alignment tab character &.
l.812 ...r}\frac{\partial T}{\partial x}, \\ q_y &
                                                  = -\frac{mu}{\left(\gamma-...
I can't figure out why you would want to use a tab mark
here. If you just want an ampersand, the remedy is
simple: Just type `I\&' now. But if some right brace
up above has ended a previous alignment prematurely,
you're probably due for more error messages, and you
might try typing `S' now just to see what is salvageable.


! LaTeX Error: \begin{document} ended by \end{align}.

See the LaTeX manual or LaTeX Companion for explanation.
Type  H <return>  for immediate help.
 ...                                              
                                                  
l.812 ...\frac{\partial T}{\partial y} \end{align}
                                                  
Your command was ignored.
Type  I <command> <return>  to replace it with another command,
or  <return>  to continue without it.

! Missing $ inserted.
<inserted text> 
                $
l.812 ...\frac{\partial T}{\partial y} \end{align}
                                                  
I've inserted something that you may have forgotten.
(See the <inserted text> above.)
With luck, this will get me unwedged. But if you
really didn't forget anything, try typing `2' now; then
my insertion and my current dilemma will both disappear.

[270] [271] [272] [273] [274] [275] [276] [277]
Overfull \hbox (99.12419pt too wide) detected at line 836
[] \OT1/cmr/m/n/10 = [] \OMS/cmsy/m/n/10 ^^A [] [] \OT1/cmr/m/n/10 + [] \OMS/cm
sy/m/n/10 ^^A [] []
 []

[278] [279] [280] [281] [282] [283]
Overfull \hbox (100.87256pt too wide) detected at line 854
[] [] \OT1/cmr/m/n/10 + [] [] + [] []
 []

[284]

! LaTeX Error: Environment align undefined.

See the LaTeX manual or LaTeX Companion for explanation.
Type  H <return>  for immediate help.
 ...                                              
                                                  
l.857 \begin{align}
                    \tau_{xx} &= \frac{2}{3}\left(\frac{\mu}{Re}\right)\left...

Your command was ignored.
Type  I <command> <return>  to replace it with another command,
or  <return>  to continue without it.

! Missing $ inserted.
<inserted text> 
                $
l.857 \begin{align} \tau
                        _{xx} &= \frac{2}{3}\left(\frac{\mu}{Re}\right)\left...
I've inserted a begin-math/end-math symbol since I think
you left one out. Proceed, with fingers crossed.

! Misplaced alignment tab character &.
l.857 \begin{align} \tau_{xx} &
                               = \frac{2}{3}\left(\frac{\mu}{Re}\right)\left...
I can't figure out why you would want to use a tab mark
here. If you just want an ampersand, the remedy is
simple: Just type `I\&' now. But if some right brace
up above has ended a previous alignment prematurely,
you're probably due for more error messages, and you
might try typing `S' now just to see what is salvageable.

! Misplaced alignment tab character &.
l.857 ...tial w}{\partial z}\right),\\ \tau_{xy} &
                                                  = \left(\frac{\mu}{Re}\rig...
I can't figure out why you would want to use a tab mark
here. If you just want an ampersand, the remedy is
simple: Just type `I\&' now. But if some right brace
up above has ended a previous alignment prematurely,
you're probably due for more error messages, and you
might try typing `S' now just to see what is salvageable.

! Misplaced alignment tab character &.
l.857 ...tial v}{\partial x}\right),\\ \tau_{xz} &
                                                  = \left(\frac{\mu}{Re}\rig...
I can't figure out why you would want to use a tab mark
here. If you just want an ampersand, the remedy is
simple: Just type `I\&' now. But if some right brace
up above has ended a previous alignment prematurely,
you're probably due for more error messages, and you
might try typing `S' now just to see what is salvageable.

! Misplaced alignment tab character &.
l.857 ...tial w}{\partial x}\right),\\ \tau_{yx} &
                                                  = \left(\frac{\mu}{Re}\rig...
I can't figure out why you would want to use a tab mark
here. If you just want an ampersand, the remedy is
simple: Just type `I\&' now. But if some right brace
up above has ended a previous alignment prematurely,
you're probably due for more error messages, and you
might try typing `S' now just to see what is salvageable.

! Misplaced alignment tab character &.
l.857 ...tial v}{\partial x}\right),\\ \tau_{yy} &
                                                  = \frac{2}{3}\left(\frac{\...
I can't figure out why you would want to use a tab mark
here. If you just want an ampersand, the remedy is
simple: Just type `I\&' now. But if some right brace
up above has ended a previous alignment prematurely,
you're probably due for more error messages, and you
might try typing `S' now just to see what is salvageable.

! Misplaced alignment tab character &.
l.857 ...tial w}{\partial z}\right),\\ \tau_{yz} &
                                                  = \left(\frac{\mu}{Re}\rig...
I can't figure out why you would want to use a tab mark
here. If you just want an ampersand, the remedy is
simple: Just type `I\&' now. But if some right brace
up above has ended a previous alignment prematurely,
you're probably due for more error messages, and you
might try typing `S' now just to see what is salvageable.

! Misplaced alignment tab character &.
l.857 ...tial v}{\partial z}\right),\\ \tau_{zx} &
                                                  = \left(\frac{\mu}{Re}\rig...
I can't figure out why you would want to use a tab mark
here. If you just want an ampersand, the remedy is
simple: Just type `I\&' now. But if some right brace
up above has ended a previous alignment prematurely,
you're probably due for more error messages, and you
might try typing `S' now just to see what is salvageable.

! Misplaced alignment tab character &.
l.857 ...tial w}{\partial x}\right),\\ \tau_{zy} &
                                                  = \left(\frac{\mu}{Re}\rig...
I can't figure out why you would want to use a tab mark
here. If you just want an ampersand, the remedy is
simple: Just type `I\&' now. But if some right brace
up above has ended a previous alignment prematurely,
you're probably due for more error messages, and you
might try typing `S' now just to see what is salvageable.

! Misplaced alignment tab character &.
l.857 ...tial w}{\partial y}\right),\\ \tau_{zz} &
                                                  = \frac{2}{3}\left(\frac{\...
I can't figure out why you would want to use a tab mark
here. If you just want an ampersand, the remedy is
simple: Just type `I\&' now. But if some right brace
up above has ended a previous alignment prematurely,
you're probably due for more error messages, and you
might try typing `S' now just to see what is salvageable.

! Misplaced alignment tab character &.
l.857 ...c{\partial v}{\partial y}\right),\\ q_x &
                                                  = -\frac{mu}{\left(\gamma-...
I can't figure out why you would want to use a tab mark
here. If you just want an ampersand, the remedy is
simple: Just type `I\&' now. But if some right brace
up above has ended a previous alignment prematurely,
you're probably due for more error messages, and you
might try typing `S' now just to see what is salvageable.

! Misplaced alignment tab character &.
l.857 ...r}\frac{\partial T}{\partial x}, \\ q_y &
                                                  = -\frac{mu}{\left(\gamma-...
I can't figure out why you would want to use a tab mark
here. If you just want an ampersand, the remedy is
simple: Just type `I\&' now. But if some right brace
up above has ended a previous alignment prematurely,
you're probably due for more error messages, and you
might try typing `S' now just to see what is salvageable.

! Misplaced alignment tab character &.
l.857 ...r}\frac{\partial T}{\partial y}, \\ q_z &
                                                  = -\frac{mu}{\left(\gamma-...
I can't figure out why you would want to use a tab mark
here. If you just want an ampersand, the remedy is
simple: Just type `I\&' now. But if some right brace
up above has ended a previous alignment prematurely,
you're probably due for more error messages, and you
might try typing `S' now just to see what is salvageable.


! LaTeX Error: \begin{document} ended by \end{align}.

See the LaTeX manual or LaTeX Companion for explanation.
Type  H <return>  for immediate help.
 ...                                              
                                                  
l.857 ...\frac{\partial T}{\partial z} \end{align}
                                                  
Your command was ignored.
Type  I <command> <return>  to replace it with another command,
or  <return>  to continue without it.

! Missing $ inserted.
<inserted text> 
                $
l.857 ...\frac{\partial T}{\partial z} \end{align}
                                                  
I've inserted something that you may have forgotten.
(See the <inserted text> above.)
With luck, this will get me unwedged. But if you
really didn't forget anything, try typing `2' now; then
my insertion and my current dilemma will both disappear.

[285] [286]
Overfull \hbox (360.37845pt too wide) detected at line 863
[] \OT1/cmr/m/n/10 = [] \OMS/cmsy/m/n/10 ^^A [] [] \OT1/cmr/m/n/10 + [] \OMS/cm
sy/m/n/10 ^^A [] [] \OT1/cmr/m/n/10 + [] \OMS/cmsy/m/n/10 ^^A [] []
 []

[287]
Overfull \hbox (7.54413pt too wide) detected at line 866
\OML/cmm/m/it/10 dir \OT1/cmr/m/n/10 = \OML/cmm/m/it/10 x \OMS/cmsy/m/n/10 ! []
 \OML/cmm/m/it/10 ;  dir \OT1/cmr/m/n/10 = \OML/cmm/m/it/10 y \OMS/cmsy/m/n/10 
! [] \OML/cmm/m/it/10 ;  dir \OT1/cmr/m/n/10 = \OML/cmm/m/it/10 z \OMS/cmsy/m/n
/10 ! []
 []

[288] [289]

! LaTeX Error: Environment align undefined.

See the LaTeX manual or LaTeX Companion for explanation.
Type  H <return>  for immediate help.
 ...                                              
                                                  
l.872 \begin{align}
                    \alpha_{j+1/2}^{k,L} &= \sum_{k=1}^2 {\bf l}_{j+1/2}^k \...

Your command was ignored.
Type  I <command> <return>  to replace it with another command,
or  <return>  to continue without it.

! Missing $ inserted.
<inserted text> 
                $
l.872 \begin{align} \alpha
                          _{j+1/2}^{k,L} &= \sum_{k=1}^2 {\bf l}_{j+1/2}^k \...
I've inserted a begin-math/end-math symbol since I think
you left one out. Proceed, with fingers crossed.

! Misplaced alignment tab character &.
l.872 \begin{align} \alpha_{j+1/2}^{k,L} &
                                          = \sum_{k=1}^2 {\bf l}_{j+1/2}^k \...
I can't figure out why you would want to use a tab mark
here. If you just want an ampersand, the remedy is
simple: Just type `I\&' now. But if some right brace
up above has ended a previous alignment prematurely,
you're probably due for more error messages, and you
might try typing `S' now just to see what is salvageable.

! Misplaced alignment tab character &.
l.872 ..._{j+1/2}^{k,L}, \\ \alpha_{j+1/2}^{k,R} &
                                                  = \sum_{k=1}^2 {\bf l}_{j+...
I can't figure out why you would want to use a tab mark
here. If you just want an ampersand, the remedy is
simple: Just type `I\&' now. But if some right brace
up above has ended a previous alignment prematurely,
you're probably due for more error messages, and you
might try typing `S' now just to see what is salvageable.

! Misplaced alignment tab character &.
l.872 ...bf f}_{j+1/2}^{k,R}, \\ v_{j+1/2}^{k,L} &
                                                  = \sum_{k=1}^2 {\bf l}_{j+...
I can't figure out why you would want to use a tab mark
here. If you just want an ampersand, the remedy is
simple: Just type `I\&' now. But if some right brace
up above has ended a previous alignment prematurely,
you're probably due for more error messages, and you
might try typing `S' now just to see what is salvageable.

! Misplaced alignment tab character &.
l.872 ...bf u}_{j+1/2}^{k,L}, \\ v_{j+1/2}^{k,R} &
                                                  = \sum_{k=1}^2 {\bf l}_{j+...
I can't figure out why you would want to use a tab mark
here. If you just want an ampersand, the remedy is
simple: Just type `I\&' now. But if some right brace
up above has ended a previous alignment prematurely,
you're probably due for more error messages, and you
might try typing `S' now just to see what is salvageable.

! Misplaced alignment tab character &.
l.872 ...f u}_{j+1/2}^{k,R}, \\ \alpha_{j+1/2}^k &
                                                  = \frac{1}{2}\left[ \alpha...
I can't figure out why you would want to use a tab mark
here. If you just want an ampersand, the remedy is
simple: Just type `I\&' now. But if some right brace
up above has ended a previous alignment prematurely,
you're probably due for more error messages, and you
might try typing `S' now just to see what is salvageable.

! Misplaced alignment tab character &.
l.872 ...,L} \right) \right], \\ {\bf f}_{j+1/2} &
                                                  = \sum_{k=1}^2 \alpha_{j+1...
I can't figure out why you would want to use a tab mark
here. If you just want an ampersand, the remedy is
simple: Just type `I\&' now. But if some right brace
up above has ended a previous alignment prematurely,
you're probably due for more error messages, and you
might try typing `S' now just to see what is salvageable.


! LaTeX Error: \begin{document} ended by \end{align}.

See the LaTeX manual or LaTeX Companion for explanation.
Type  H <return>  for immediate help.
 ...                                              
                                                  
l.872 ...a_{j+1/2}^k {\bf r}_{j+1/2}^k \end{align}
                                                  
Your command was ignored.
Type  I <command> <return>  to replace it with another command,
or  <return>  to continue without it.

! Missing $ inserted.
<inserted text> 
                $
l.872 ...a_{j+1/2}^k {\bf r}_{j+1/2}^k \end{align}
                                                  
I've inserted something that you may have forgotten.
(See the <inserted text> above.)
With luck, this will get me unwedged. But if you
really didn't forget anything, try typing `2' now; then
my insertion and my current dilemma will both disappear.

[290] [291] [292] [293] [294] [295] [296] [297] [298] [299]

! LaTeX Error: Environment align undefined.

See the LaTeX manual or LaTeX Companion for explanation.
Type  H <return>  for immediate help.
 ...                                              
                                                  
l.902 \begin{align}
                    {\bf U}^{\left(i\right)} &= c_{i0}{\bf u}_n + \sum_{j=1}...

Your command was ignored.
Type  I <command> <return>  to replace it with another command,
or  <return>  to continue without it.

! Missing $ inserted.
<inserted text> 
                $
l.902 \begin{align} {\bf U}^
                            {\left(i\right)} &= c_{i0}{\bf u}_n + \sum_{j=1}...
I've inserted a begin-math/end-math symbol since I think
you left one out. Proceed, with fingers crossed.

! Misplaced alignment tab character &.
l.902 \begin{align} {\bf U}^{\left(i\right)} &
                                              = c_{i0}{\bf u}_n + \sum_{j=1}...
I can't figure out why you would want to use a tab mark
here. If you just want an ampersand, the remedy is
simple: Just type `I\&' now. But if some right brace
up above has ended a previous alignment prematurely,
you're probably due for more error messages, and you
might try typing `S' now just to see what is salvageable.

! Misplaced alignment tab character &.
l.902 ...)}\right), i=1,\cdots,s\\ {\bf u}_{n+1} &
                                                  = d_{00} {\bf u}_n + \sum_...
I can't figure out why you would want to use a tab mark
here. If you just want an ampersand, the remedy is
simple: Just type `I\&' now. But if some right brace
up above has ended a previous alignment prematurely,
you're probably due for more error messages, and you
might try typing `S' now just to see what is salvageable.

! Misplaced alignment tab character &.
l.902 ...ight)}\right), \\ \tilde{\bf u}_{n+1}^i &
                                                  = d_{i0} {\bf u}_n + \sum_...
I can't figure out why you would want to use a tab mark
here. If you just want an ampersand, the remedy is
simple: Just type `I\&' now. But if some right brace
up above has ended a previous alignment prematurely,
you're probably due for more error messages, and you
might try typing `S' now just to see what is salvageable.


! LaTeX Error: \begin{document} ended by \end{align}.

See the LaTeX manual or LaTeX Companion for explanation.
Type  H <return>  for immediate help.
 ...                                              
                                                  
l.902 ...ight)}\right), i=1,\cdots,r-1 \end{align}
                                                  
Your command was ignored.
Type  I <command> <return>  to replace it with another command,
or  <return>  to continue without it.

! Missing $ inserted.
<inserted text> 
                $
l.902 ...ight)}\right), i=1,\cdots,r-1 \end{align}
                                                  
I've inserted something that you may have forgotten.
(See the <inserted text> above.)
With luck, this will get me unwedged. But if you
really didn't forget anything, try typing `2' now; then
my insertion and my current dilemma will both disappear.

[300] [301] [302] [303] [304] [305] [306] [307] [308]

! LaTeX Error: Environment align undefined.

See the LaTeX manual or LaTeX Companion for explanation.
Type  H <return>  for immediate help.
 ...                                              
                                                  
l.929 \begin{align}
                    {\bf U}^{\left(i\right)} &= {\bf u}_n + \Delta t \sum_{j...

Your command was ignored.
Type  I <command> <return>  to replace it with another command,
or  <return>  to continue without it.

! Missing $ inserted.
<inserted text> 
                $
l.929 \begin{align} {\bf U}^
                            {\left(i\right)} &= {\bf u}_n + \Delta t \sum_{j...
I've inserted a begin-math/end-math symbol since I think
you left one out. Proceed, with fingers crossed.

! Misplaced alignment tab character &.
l.929 \begin{align} {\bf U}^{\left(i\right)} &
                                              = {\bf u}_n + \Delta t \sum_{j...
I can't figure out why you would want to use a tab mark
here. If you just want an ampersand, the remedy is
simple: Just type `I\&' now. But if some right brace
up above has ended a previous alignment prematurely,
you're probably due for more error messages, and you
might try typing `S' now just to see what is salvageable.

! Misplaced alignment tab character &.
l.929 ...left(j\right)}\right), \\ {\bf u}_{n+1} &
                                                  = {\bf u}_n + \Delta t \su...
I can't figure out why you would want to use a tab mark
here. If you just want an ampersand, the remedy is
simple: Just type `I\&' now. But if some right brace
up above has ended a previous alignment prematurely,
you're probably due for more error messages, and you
might try typing `S' now just to see what is salvageable.


! LaTeX Error: \begin{document} ended by \end{align}.

See the LaTeX manual or LaTeX Companion for explanation.
Type  H <return>  for immediate help.
 ...                                              
                                                  
l.929 ...f U}^{\left(i\right)}\right), \end{align}
                                                  
Your command was ignored.
Type  I <command> <return>  to replace it with another command,
or  <return>  to continue without it.

! Missing $ inserted.
<inserted text> 
                $
l.929 ...f U}^{\left(i\right)}\right), \end{align}
                                                  
I've inserted something that you may have forgotten.
(See the <inserted text> above.)
With luck, this will get me unwedged. But if you
really didn't forget anything, try typing `2' now; then
my insertion and my current dilemma will both disappear.

[309] [310] [311] [312] [313] [314]
! Extra alignment tab has been changed to \cr.
<recently read> \endtemplate 
                             
l.947 ... C_1^k & & \\ & A_2^k & B_2^k & C_2^k & &
                                                   \\ & & A_3^k & B_3^k & C_...
You have given more \span or & marks than there were
in the preamble to the \halign or \valign now in progress.
So I'll assume that you meant to type \cr instead.

! Extra alignment tab has been changed to \cr.
<recently read> \endtemplate 
                             
l.947 ... C_2^k & & \\ & & A_3^k & B_3^k & C_3^k &
                                                   \\ & & & A_4^k & B_4^k & ...
You have given more \span or & marks than there were
in the preamble to the \halign or \valign now in progress.
So I'll assume that you meant to type \cr instead.

! Extra alignment tab has been changed to \cr.
<recently read> \endtemplate 
                             
l.947 ... B_3^k & C_3^k & \\ & & & A_4^k & B_4^k &
                                                   C_4^k \\ \end{array}\righ...
You have given more \span or & marks than there were
in the preamble to the \halign or \valign now in progress.
So I'll assume that you meant to type \cr instead.

[315] [316] [317] [318] [319] [320] [321]
! Extra alignment tab has been changed to \cr.
<recently read> \endtemplate 
                             
l.968 ... c_1^k & & \\ & a_2^k & b_2^k & c_2^k & &
                                                   \\ & & a_3^k & b_3^k & c_...
You have given more \span or & marks than there were
in the preamble to the \halign or \valign now in progress.
So I'll assume that you meant to type \cr instead.

! Extra alignment tab has been changed to \cr.
<recently read> \endtemplate 
                             
l.968 ... c_2^k & & \\ & & a_3^k & b_3^k & c_3^k &
                                                   \\ & & & a_4^k & b_4^k & ...
You have given more \span or & marks than there were
in the preamble to the \halign or \valign now in progress.
So I'll assume that you meant to type \cr instead.

! Extra alignment tab has been changed to \cr.
<recently read> \endtemplate 
                             
l.968 ... b_3^k & c_3^k & \\ & & & a_4^k & b_4^k &
                                                   c_4^k \\ \end{array}\righ...
You have given more \span or & marks than there were
in the preamble to the \halign or \valign now in progress.
So I'll assume that you meant to type \cr instead.

[322] (./_formulas.aux) ) 
Here is how much of TeX's memory you used:
 548 strings out of 256215
 6380 string characters out of 1917023
 58820 words of memory out of 1500000
 3896 multiletter control sequences out of 10000+200000
 4567 words of font info for 17 fonts, out of 1200000 for 2000
 645 hyphenation exceptions out of 8191
 32i,13n,21p,1478b,157s stack positions out of 5000i,500n,6000p,200000b,15000s

Output written on _formulas.dvi (322 pages, 101444 bytes).
